2025-05-09 00:11:05,305 - Предупреждение кнопки: Locator.click: Timeout 30000ms exceeded.
Call log:
  - waiting for get_by_role("button", name="Показать еще")

2025-05-09 00:11:13,711 - Исходная дата: 3 мая 2025
2025-05-09 00:11:13,784 - Переведенная дата: 3 5 2025
2025-05-09 00:11:13,789 - Событие не в диапазоне: 2025-05-03 00:00:00
2025-05-09 00:11:13,793 - Исходная дата: 30 апреля 2025
2025-05-09 00:11:13,794 - Переведенная дата: 30 4 2025
2025-05-09 00:11:13,796 - Событие не в диапазоне: 2025-04-30 00:00:00
2025-05-09 00:11:13,798 - Исходная дата: 26 апреля 2025
2025-05-09 00:11:13,798 - Переведенная дата: 26 4 2025
2025-05-09 00:11:13,801 - Событие не в диапазоне: 2025-04-26 00:00:00
2025-05-09 00:11:13,802 - Исходная дата: 26 апреля 2025
2025-05-09 00:11:13,802 - Переведенная дата: 26 4 2025
2025-05-09 00:11:13,803 - Событие не в диапазоне: 2025-04-26 00:00:00
2025-05-09 00:11:13,804 - Исходная дата: 25 апреля 2025
2025-05-09 00:11:13,804 - Переведенная дата: 25 4 2025
2025-05-09 00:11:13,805 - Событие не в диапазоне: 2025-04-25 00:00:00
2025-05-09 00:11:13,806 - Исходная дата: 23 апреля 2025
2025-05-09 00:11:13,806 - Переведенная дата: 23 4 2025
2025-05-09 00:11:13,807 - Событие не в диапазоне: 2025-04-23 00:00:00
2025-05-09 00:11:13,809 - Исходная дата: 23 апреля 2025
2025-05-09 00:11:13,810 - Переведенная дата: 23 4 2025
2025-05-09 00:11:13,811 - Событие не в диапазоне: 2025-04-23 00:00:00
2025-05-09 00:11:13,813 - Исходная дата: 19 апреля 2025
2025-05-09 00:11:13,813 - Переведенная дата: 19 4 2025
2025-05-09 00:11:13,814 - Событие не в диапазоне: 2025-04-19 00:00:00
2025-05-09 00:11:13,816 - Исходная дата: 16 апреля 2025
2025-05-09 00:11:13,817 - Переведенная дата: 16 4 2025
2025-05-09 00:11:13,817 - Событие не в диапазоне: 2025-04-16 00:00:00
2025-05-09 00:11:13,819 - Исходная дата: 12 апреля 2025
2025-05-09 00:11:13,820 - Переведенная дата: 12 4 2025
2025-05-09 00:11:13,821 - Событие не в диапазоне: 2025-04-12 00:00:00
2025-05-09 00:11:13,823 - Исходная дата: 12 апреля 2025
2025-05-09 00:11:13,824 - Переведенная дата: 12 4 2025
2025-05-09 00:11:13,825 - Событие не в диапазоне: 2025-04-12 00:00:00
2025-05-09 00:11:13,827 - Исходная дата: 5 апреля 2025
2025-05-09 00:11:13,827 - Переведенная дата: 5 4 2025
2025-05-09 00:11:13,828 - Событие не в диапазоне: 2025-04-05 00:00:00
2025-05-09 00:11:13,830 - Исходная дата: 25 марта 2025
2025-05-09 00:11:13,831 - Переведенная дата: 25 3 2025
2025-05-09 00:11:13,832 - Событие не в диапазоне: 2025-03-25 00:00:00
2025-05-09 00:11:13,833 - Исходная дата: 24 марта 2025
2025-05-09 00:11:13,834 - Переведенная дата: 24 3 2025
2025-05-09 00:11:13,835 - Событие не в диапазоне: 2025-03-24 00:00:00
2025-05-09 00:11:13,836 - Исходная дата: 22 марта 2025
2025-05-09 00:11:13,837 - Переведенная дата: 22 3 2025
2025-05-09 00:11:13,838 - Событие не в диапазоне: 2025-03-22 00:00:00
2025-05-09 00:11:13,839 - Исходная дата: 22 марта 2025
2025-05-09 00:11:13,839 - Переведенная дата: 22 3 2025
2025-05-09 00:11:13,841 - Событие не в диапазоне: 2025-03-22 00:00:00
2025-05-09 00:11:13,843 - Исходная дата: 19 марта 2025
2025-05-09 00:11:13,844 - Переведенная дата: 19 3 2025
2025-05-09 00:11:13,846 - Событие не в диапазоне: 2025-03-19 00:00:00
2025-05-09 00:11:13,848 - Исходная дата: 15 марта 2025
2025-05-09 00:11:13,849 - Переведенная дата: 15 3 2025
2025-05-09 00:11:13,850 - Событие не в диапазоне: 2025-03-15 00:00:00
2025-05-09 00:11:13,851 - Исходная дата: 15 марта 2025
2025-05-09 00:11:13,852 - Переведенная дата: 15 3 2025
2025-05-09 00:11:13,853 - Событие не в диапазоне: 2025-03-15 00:00:00
2025-05-09 00:11:13,854 - Исходная дата: 7 марта 2025
2025-05-09 00:11:13,855 - Переведенная дата: 7 3 2025
2025-05-09 00:11:13,857 - Событие не в диапазоне: 2025-03-07 00:00:00
2025-05-09 00:11:13,859 - Исходная дата: 5 марта 2025
2025-05-09 00:11:13,860 - Переведенная дата: 5 3 2025
2025-05-09 00:11:13,861 - Событие не в диапазоне: 2025-03-05 00:00:00
2025-05-09 00:11:13,863 - Исходная дата: 3 марта 2025
2025-05-09 00:11:13,864 - Переведенная дата: 3 3 2025
2025-05-09 00:11:13,865 - Событие не в диапазоне: 2025-03-03 00:00:00
2025-05-09 00:11:13,866 - Исходная дата: 2 марта 2025
2025-05-09 00:11:13,867 - Переведенная дата: 2 3 2025
2025-05-09 00:11:13,868 - Событие не в диапазоне: 2025-03-02 00:00:00
2025-05-09 00:11:13,869 - Исходная дата: 2 марта 2025
2025-05-09 00:11:13,870 - Переведенная дата: 2 3 2025
2025-05-09 00:11:13,871 - Событие не в диапазоне: 2025-03-02 00:00:00
2025-05-09 00:11:13,872 - Исходная дата: 1 марта 2025
2025-05-09 00:11:13,873 - Переведенная дата: 1 3 2025
2025-05-09 00:11:13,875 - Событие не в диапазоне: 2025-03-01 00:00:00
2025-05-09 00:11:13,876 - Исходная дата: 26 февраля 2025
2025-05-09 00:11:13,877 - Переведенная дата: 26 2 2025
2025-05-09 00:11:13,878 - Событие в диапазоне: 2025-02-26 00:00:00
2025-05-09 00:11:13,879 - Добавлена ссылка: <class 'str'>
2025-05-09 00:11:13,881 - Исходная дата: 22 февраля 2025
2025-05-09 00:11:13,882 - Переведенная дата: 22 2 2025
2025-05-09 00:11:13,883 - Событие в диапазоне: 2025-02-22 00:00:00
2025-05-09 00:11:13,884 - Добавлена ссылка: <class 'str'>
2025-05-09 00:11:13,885 - Исходная дата: 22 февраля 2025
2025-05-09 00:11:13,886 - Переведенная дата: 22 2 2025
2025-05-09 00:11:13,887 - Событие в диапазоне: 2025-02-22 00:00:00
2025-05-09 00:11:13,888 - Добавлена ссылка: <class 'str'>
2025-05-09 00:11:13,890 - Исходная дата: 19 февраля 2025
2025-05-09 00:11:13,891 - Переведенная дата: 19 2 2025
2025-05-09 00:11:13,892 - Событие в диапазоне: 2025-02-19 00:00:00
2025-05-09 00:11:13,893 - Добавлена ссылка: <class 'str'>
2025-05-09 00:11:13,895 - Исходная дата: 15 февраля 2025
2025-05-09 00:11:13,896 - Переведенная дата: 15 2 2025
2025-05-09 00:11:13,897 - Событие в диапазоне: 2025-02-15 00:00:00
2025-05-09 00:11:13,897 - Добавлена ссылка: <class 'str'>
2025-05-09 00:11:13,899 - Исходная дата: 10 февраля 2025
2025-05-09 00:11:13,900 - Переведенная дата: 10 2 2025
2025-05-09 00:11:13,901 - Событие в диапазоне: 2025-02-10 00:00:00
2025-05-09 00:11:13,902 - Добавлена ссылка: <class 'str'>
2025-05-09 00:11:13,903 - Исходная дата: 12 февраля 2025
2025-05-09 00:11:13,904 - Переведенная дата: 12 2 2025
2025-05-09 00:11:13,905 - Событие в диапазоне: 2025-02-12 00:00:00
2025-05-09 00:11:13,910 - Добавлена ссылка: <class 'str'>
2025-05-09 00:11:13,913 - Исходная дата: 8 февраля 2025
2025-05-09 00:11:13,914 - Переведенная дата: 8 2 2025
2025-05-09 00:11:13,915 - Событие в диапазоне: 2025-02-08 00:00:00
2025-05-09 00:11:13,916 - Добавлена ссылка: <class 'str'>
2025-05-09 00:11:13,918 - Исходная дата: 8 февраля 2025
2025-05-09 00:11:13,919 - Переведенная дата: 8 2 2025
2025-05-09 00:11:13,920 - Событие в диапазоне: 2025-02-08 00:00:00
2025-05-09 00:11:13,922 - Добавлена ссылка: <class 'str'>
2025-05-09 00:11:13,924 - Исходная дата: 5 февраля 2025
2025-05-09 00:11:13,926 - Переведенная дата: 5 2 2025
2025-05-09 00:11:13,927 - Событие в диапазоне: 2025-02-05 00:00:00
2025-05-09 00:11:13,929 - Добавлена ссылка: <class 'str'>
2025-05-09 00:11:13,931 - Исходная дата: 1 февраля 2025
2025-05-09 00:11:13,932 - Переведенная дата: 1 2 2025
2025-05-09 00:11:13,933 - Событие в диапазоне: 2025-02-01 00:00:00
2025-05-09 00:11:13,934 - Добавлена ссылка: <class 'str'>
2025-05-09 00:11:13,936 - Исходная дата: 29 января 2025
2025-05-09 00:11:13,937 - Переведенная дата: 29 1 2025
2025-05-09 00:11:13,939 - Событие не в диапазоне: 2025-01-29 00:00:00
2025-05-09 00:11:13,940 - Исходная дата: 29 января 2025
2025-05-09 00:11:13,942 - Переведенная дата: 29 1 2025
2025-05-09 00:11:13,944 - Событие не в диапазоне: 2025-01-29 00:00:00
2025-05-09 00:11:13,946 - Исходная дата: 1 февраля 2025
2025-05-09 00:11:13,947 - Переведенная дата: 1 2 2025
2025-05-09 00:11:13,948 - Событие в диапазоне: 2025-02-01 00:00:00
2025-05-09 00:11:13,949 - Добавлена ссылка: <class 'str'>
2025-05-09 00:11:13,951 - Исходная дата: 25 января 2025
2025-05-09 00:11:13,952 - Переведенная дата: 25 1 2025
2025-05-09 00:11:13,953 - Событие не в диапазоне: 2025-01-25 00:00:00
2025-05-09 00:11:13,954 - Исходная дата: 25 января 2025
2025-05-09 00:11:13,954 - Переведенная дата: 25 1 2025
2025-05-09 00:11:13,955 - Событие не в диапазоне: 2025-01-25 00:00:00
2025-05-09 00:11:13,957 - Исходная дата: 22 января 2025
2025-05-09 00:11:13,957 - Переведенная дата: 22 1 2025
2025-05-09 00:11:13,958 - Событие не в диапазоне: 2025-01-22 00:00:00
2025-05-09 00:11:13,960 - Исходная дата: 17 января 2025
2025-05-09 00:11:13,961 - Переведенная дата: 17 1 2025
2025-05-09 00:11:13,962 - Событие не в диапазоне: 2025-01-17 00:00:00
2025-05-09 00:11:13,964 - Исходная дата: 17 января 2025
2025-05-09 00:11:13,965 - Переведенная дата: 17 1 2025
2025-05-09 00:11:13,966 - Событие не в диапазоне: 2025-01-17 00:00:00
2025-05-09 00:11:13,967 - Исходная дата: 19 января 2025
2025-05-09 00:11:13,968 - Переведенная дата: 19 1 2025
2025-05-09 00:11:13,969 - Событие не в диапазоне: 2025-01-19 00:00:00
2025-05-09 00:11:13,971 - Исходная дата: 15 января 2025
2025-05-09 00:11:13,971 - Переведенная дата: 15 1 2025
2025-05-09 00:11:13,972 - Событие не в диапазоне: 2025-01-15 00:00:00
2025-05-09 00:11:13,974 - Исходная дата: 13 января 2025
2025-05-09 00:11:13,976 - Переведенная дата: 13 1 2025
2025-05-09 00:11:13,977 - Событие не в диапазоне: 2025-01-13 00:00:00
2025-05-09 00:11:13,979 - Исходная дата: 11 января 2025
2025-05-09 00:11:13,980 - Переведенная дата: 11 1 2025
2025-05-09 00:11:13,981 - Событие не в диапазоне: 2025-01-11 00:00:00
2025-05-09 00:11:13,983 - Исходная дата: 11 января 2025
2025-05-09 00:11:13,984 - Переведенная дата: 11 1 2025
2025-05-09 00:11:13,985 - Событие не в диапазоне: 2025-01-11 00:00:00
2025-05-09 00:11:13,986 - Исходная дата: 8 января 2025
2025-05-09 00:11:13,987 - Переведенная дата: 8 1 2025
2025-05-09 00:11:13,987 - Событие не в диапазоне: 2025-01-08 00:00:00
2025-05-09 00:11:13,989 - Исходная дата: 29 декабря 2024
2025-05-09 00:11:13,989 - Переведенная дата: 29 12 2024
2025-05-09 00:11:13,990 - Событие не в диапазоне: 2024-12-29 00:00:00
2025-05-09 00:11:13,992 - Исходная дата: 25 декабря 2024
2025-05-09 00:11:13,993 - Переведенная дата: 25 12 2024
2025-05-09 00:11:13,994 - Событие не в диапазоне: 2024-12-25 00:00:00
2025-05-09 00:11:13,996 - Исходная дата: 21 декабря 2024
2025-05-09 00:11:13,997 - Переведенная дата: 21 12 2024
2025-05-09 00:11:13,998 - Событие не в диапазоне: 2024-12-21 00:00:00
2025-05-09 00:11:13,999 - Исходная дата: 20 декабря 2024
2025-05-09 00:11:14,000 - Переведенная дата: 20 12 2024
2025-05-09 00:11:14,000 - Событие не в диапазоне: 2024-12-20 00:00:00
2025-05-09 00:11:14,002 - Исходная дата: 19 декабря 2024
2025-05-09 00:11:14,002 - Переведенная дата: 19 12 2024
2025-05-09 00:11:14,003 - Событие не в диапазоне: 2024-12-19 00:00:00
2025-05-09 00:11:14,004 - Исходная дата: 15 декабря 2024
2025-05-09 00:11:14,005 - Переведенная дата: 15 12 2024
2025-05-09 00:11:14,005 - Событие не в диапазоне: 2024-12-15 00:00:00
2025-05-09 00:11:14,007 - Исходная дата: 11 декабря 2024
2025-05-09 00:11:14,008 - Переведенная дата: 11 12 2024
2025-05-09 00:11:14,008 - Событие не в диапазоне: 2024-12-11 00:00:00
2025-05-09 00:11:14,010 - Исходная дата: 7 декабря 2024
2025-05-09 00:11:14,011 - Переведенная дата: 7 12 2024
2025-05-09 00:11:14,012 - Событие не в диапазоне: 2024-12-07 00:00:00
2025-05-09 00:11:14,014 - Исходная дата: 2 декабря 2024
2025-05-09 00:11:14,015 - Переведенная дата: 2 12 2024
2025-05-09 00:11:14,016 - Событие не в диапазоне: 2024-12-02 00:00:00
2025-05-09 00:11:14,017 - Исходная дата: 7 декабря 2024
2025-05-09 00:11:14,017 - Переведенная дата: 7 12 2024
2025-05-09 00:11:14,018 - Событие не в диапазоне: 2024-12-07 00:00:00
2025-05-09 00:11:14,020 - Исходная дата: 4 декабря 2024
2025-05-09 00:11:14,020 - Переведенная дата: 4 12 2024
2025-05-09 00:11:14,021 - Событие не в диапазоне: 2024-12-04 00:00:00
2025-05-09 00:11:14,022 - Исходная дата: 29 ноября 2024
2025-05-09 00:11:14,022 - Переведенная дата: 29 11 2024
2025-05-09 00:11:14,023 - Событие не в диапазоне: 2024-11-29 00:00:00
2025-05-09 00:11:14,025 - Исходная дата: 25 ноября 2024
2025-05-09 00:11:14,025 - Переведенная дата: 25 11 2024
2025-05-09 00:11:14,026 - Событие не в диапазоне: 2024-11-25 00:00:00
2025-05-09 00:11:14,028 - Исходная дата: 22 ноября 2024
2025-05-09 00:11:14,028 - Переведенная дата: 22 11 2024
2025-05-09 00:11:14,029 - Событие не в диапазоне: 2024-11-22 00:00:00
2025-05-09 00:11:14,030 - Исходная дата: 24 ноября 2024
2025-05-09 00:11:14,031 - Переведенная дата: 24 11 2024
2025-05-09 00:11:14,032 - Событие не в диапазоне: 2024-11-24 00:00:00
2025-05-09 00:11:14,033 - Исходная дата: 16 ноября 2024
2025-05-09 00:11:14,034 - Переведенная дата: 16 11 2024
2025-05-09 00:11:14,034 - Событие не в диапазоне: 2024-11-16 00:00:00
2025-05-09 00:11:14,035 - Исходная дата: 16 ноября 2024
2025-05-09 00:11:14,035 - Переведенная дата: 16 11 2024
2025-05-09 00:11:14,036 - Событие не в диапазоне: 2024-11-16 00:00:00
2025-05-09 00:11:14,037 - Исходная дата: 11 ноября 2024
2025-05-09 00:11:14,037 - Переведенная дата: 11 11 2024
2025-05-09 00:11:14,037 - Событие не в диапазоне: 2024-11-11 00:00:00
2025-05-09 00:11:14,038 - Исходная дата: 9 ноября 2024
2025-05-09 00:11:14,039 - Переведенная дата: 9 11 2024
2025-05-09 00:11:14,039 - Событие не в диапазоне: 2024-11-09 00:00:00
2025-05-09 00:11:14,041 - Исходная дата: 8 ноября 2024
2025-05-09 00:11:14,042 - Переведенная дата: 8 11 2024
2025-05-09 00:11:14,043 - Событие не в диапазоне: 2024-11-08 00:00:00
2025-05-09 00:11:14,044 - Исходная дата: 9 ноября 2024
2025-05-09 00:11:14,045 - Переведенная дата: 9 11 2024
2025-05-09 00:11:14,046 - Событие не в диапазоне: 2024-11-09 00:00:00
2025-05-09 00:11:14,047 - Исходная дата: 3 ноября 2024
2025-05-09 00:11:14,048 - Переведенная дата: 3 11 2024
2025-05-09 00:11:14,049 - Событие не в диапазоне: 2024-11-03 00:00:00
2025-05-09 00:11:14,049 - Исходная дата: 31 октября 2024
2025-05-09 00:11:14,050 - Переведенная дата: 31 10 2024
2025-05-09 00:11:14,050 - Событие не в диапазоне: 2024-10-31 00:00:00
2025-05-09 00:11:14,051 - Исходная дата: 25 октября 2024
2025-05-09 00:11:14,052 - Переведенная дата: 25 10 2024
2025-05-09 00:11:14,053 - Событие не в диапазоне: 2024-10-25 00:00:00
2025-05-09 00:11:14,054 - Исходная дата: 27 ноября 2024
2025-05-09 00:11:14,054 - Переведенная дата: 27 11 2024
2025-05-09 00:11:14,055 - Событие не в диапазоне: 2024-11-27 00:00:00
2025-05-09 00:11:14,056 - Исходная дата: 20 ноября 2024
2025-05-09 00:11:14,057 - Переведенная дата: 20 11 2024
2025-05-09 00:11:14,059 - Событие не в диапазоне: 2024-11-20 00:00:00
2025-05-09 00:11:14,061 - Исходная дата: 13 ноября 2024
2025-05-09 00:11:14,062 - Переведенная дата: 13 11 2024
2025-05-09 00:11:14,063 - Событие не в диапазоне: 2024-11-13 00:00:00
2025-05-09 00:11:14,065 - Исходная дата: 6 ноября 2024
2025-05-09 00:11:14,066 - Переведенная дата: 6 11 2024
2025-05-09 00:11:14,067 - Событие не в диапазоне: 2024-11-06 00:00:00
2025-05-09 00:11:14,068 - Исходная дата: 30 октября 2024
2025-05-09 00:11:14,069 - Переведенная дата: 30 10 2024
2025-05-09 00:11:14,069 - Событие не в диапазоне: 2024-10-30 00:00:00
2025-05-09 00:11:14,071 - Исходная дата: 18 октября 2024
2025-05-09 00:11:14,071 - Переведенная дата: 18 10 2024
2025-05-09 00:11:14,071 - Событие не в диапазоне: 2024-10-18 00:00:00
2025-05-09 00:11:14,073 - Исходная дата: 19 октября 2024
2025-05-09 00:11:14,075 - Переведенная дата: 19 10 2024
2025-05-09 00:11:14,076 - Событие не в диапазоне: 2024-10-19 00:00:00
2025-05-09 00:11:14,079 - Исходная дата: 11 октября 2024
2025-05-09 00:11:14,080 - Переведенная дата: 11 10 2024
2025-05-09 00:11:14,081 - Событие не в диапазоне: 2024-10-11 00:00:00
2025-05-09 00:11:14,082 - Исходная дата: 7 октября 2024
2025-05-09 00:11:14,083 - Переведенная дата: 7 10 2024
2025-05-09 00:11:14,084 - Событие не в диапазоне: 2024-10-07 00:00:00
2025-05-09 00:11:14,085 - Исходная дата: 23 октября 2024
2025-05-09 00:11:14,086 - Переведенная дата: 23 10 2024
2025-05-09 00:11:14,087 - Событие не в диапазоне: 2024-10-23 00:00:00
2025-05-09 00:11:14,088 - Исходная дата: 16 октября 2024
2025-05-09 00:11:14,089 - Переведенная дата: 16 10 2024
2025-05-09 00:11:14,090 - Событие не в диапазоне: 2024-10-16 00:00:00
2025-05-09 00:11:14,091 - Исходная дата: 2 октября 2024
2025-05-09 00:11:14,092 - Переведенная дата: 2 10 2024
2025-05-09 00:11:14,093 - Событие не в диапазоне: 2024-10-02 00:00:00
2025-05-09 00:11:14,095 - Исходная дата: 28 сентября 2024
2025-05-09 00:11:14,096 - Переведенная дата: 28 9 2024
2025-05-09 00:11:14,097 - Событие не в диапазоне: 2024-09-28 00:00:00
2025-05-09 00:11:14,098 - Исходная дата: 27 сентября 2024
2025-05-09 00:11:14,099 - Переведенная дата: 27 9 2024
2025-05-09 00:11:14,099 - Событие не в диапазоне: 2024-09-27 00:00:00
2025-05-09 00:11:14,101 - Исходная дата: 10 сентября 2024
2025-05-09 00:11:14,102 - Переведенная дата: 10 9 2024
2025-05-09 00:11:14,102 - Событие не в диапазоне: 2024-09-10 00:00:00
2025-05-09 00:11:14,104 - Исходная дата: 12 сентября 2024
2025-05-09 00:11:14,105 - Переведенная дата: 12 9 2024
2025-05-09 00:11:14,107 - Событие не в диапазоне: 2024-09-12 00:00:00
2025-05-09 00:11:14,110 - Исходная дата: 14 сентября 2024
2025-05-09 00:11:14,111 - Переведенная дата: 14 9 2024
2025-05-09 00:11:14,112 - Событие не в диапазоне: 2024-09-14 00:00:00
2025-05-09 00:11:14,113 - Исходная дата: 7 сентября 2024
2025-05-09 00:11:14,114 - Переведенная дата: 7 9 2024
2025-05-09 00:11:14,114 - Событие не в диапазоне: 2024-09-07 00:00:00
2025-05-09 00:11:14,115 - Исходная дата: 25 сентября 2024
2025-05-09 00:11:14,116 - Переведенная дата: 25 9 2024
2025-05-09 00:11:14,117 - Событие не в диапазоне: 2024-09-25 00:00:00
2025-05-09 00:11:14,119 - Исходная дата: 18 сентября 2024
2025-05-09 00:11:14,119 - Переведенная дата: 18 9 2024
2025-05-09 00:11:14,120 - Событие не в диапазоне: 2024-09-18 00:00:00
2025-05-09 00:11:14,122 - Исходная дата: 11 сентября 2024
2025-05-09 00:11:14,122 - Переведенная дата: 11 9 2024
2025-05-09 00:11:14,123 - Событие не в диапазоне: 2024-09-11 00:00:00
2025-05-09 00:11:14,125 - Исходная дата: 4 сентября 2024
2025-05-09 00:11:14,126 - Переведенная дата: 4 9 2024
2025-05-09 00:11:14,126 - Событие не в диапазоне: 2024-09-04 00:00:00
2025-05-09 00:11:14,128 - Исходная дата: 1 сентября 2024
2025-05-09 00:11:14,129 - Переведенная дата: 1 9 2024
2025-05-09 00:11:14,130 - Событие не в диапазоне: 2024-09-01 00:00:00
2025-05-09 00:11:14,131 - Исходная дата: 27 августа 2024
2025-05-09 00:11:14,132 - Переведенная дата: 27 8 2024
2025-05-09 00:11:14,133 - Событие не в диапазоне: 2024-08-27 00:00:00
2025-05-09 00:11:14,134 - Исходная дата: 30 июня 2024
2025-05-09 00:11:14,134 - Переведенная дата: 30 6 2024
2025-05-09 00:11:14,135 - Событие не в диапазоне: 2024-06-30 00:00:00
2025-05-09 00:11:14,136 - Исходная дата: 25 июня 2024
2025-05-09 00:11:14,137 - Переведенная дата: 25 6 2024
2025-05-09 00:11:14,137 - Событие не в диапазоне: 2024-06-25 00:00:00
2025-05-09 00:11:14,138 - Исходная дата: 17 июня 2024
2025-05-09 00:11:14,139 - Переведенная дата: 17 6 2024
2025-05-09 00:11:14,140 - Событие не в диапазоне: 2024-06-17 00:00:00
2025-05-09 00:11:14,143 - Исходная дата: 18 июня 2024
2025-05-09 00:11:14,144 - Переведенная дата: 18 6 2024
2025-05-09 00:11:14,145 - Событие не в диапазоне: 2024-06-18 00:00:00
2025-05-09 00:11:14,146 - Исходная дата: 11 июня 2024
2025-05-09 00:11:14,147 - Переведенная дата: 11 6 2024
2025-05-09 00:11:14,147 - Событие не в диапазоне: 2024-06-11 00:00:00
2025-05-09 00:11:14,148 - Исходная дата: 10 июня 2024
2025-05-09 00:11:14,149 - Переведенная дата: 10 6 2024
2025-05-09 00:11:14,150 - Событие не в диапазоне: 2024-06-10 00:00:00
2025-05-09 00:11:14,151 - Исходная дата: 4 июня 2024
2025-05-09 00:11:14,151 - Переведенная дата: 4 6 2024
2025-05-09 00:11:14,152 - Событие не в диапазоне: 2024-06-04 00:00:00
2025-05-09 00:11:14,153 - Исходная дата: 9 июня 2024
2025-05-09 00:11:14,153 - Переведенная дата: 9 6 2024
2025-05-09 00:11:14,154 - Событие не в диапазоне: 2024-06-09 00:00:00
2025-05-09 00:11:14,154 - Исходная дата: 3 июня 2024
2025-05-09 00:11:14,156 - Переведенная дата: 3 6 2024
2025-05-09 00:11:14,157 - Событие не в диапазоне: 2024-06-03 00:00:00
2025-05-09 00:11:14,161 - Исходная дата: 29 мая 2024
2025-05-09 00:11:14,162 - Переведенная дата: 29 5 2024
2025-05-09 00:11:14,163 - Событие не в диапазоне: 2024-05-29 00:00:00
2025-05-09 00:11:14,165 - Исходная дата: 29 мая 2024
2025-05-09 00:11:14,166 - Переведенная дата: 29 5 2024
2025-05-09 00:11:14,167 - Событие не в диапазоне: 2024-05-29 00:00:00
2025-05-09 00:11:14,168 - Исходная дата: 25 мая 2024
2025-05-09 00:11:14,169 - Переведенная дата: 25 5 2024
2025-05-09 00:11:14,170 - Событие не в диапазоне: 2024-05-25 00:00:00
2025-05-09 00:11:14,172 - Исходная дата: 23 мая 2024
2025-05-09 00:11:14,173 - Переведенная дата: 23 5 2024
2025-05-09 00:11:14,174 - Событие не в диапазоне: 2024-05-23 00:00:00
2025-05-09 00:11:14,176 - Исходная дата: 1 июня 2024
2025-05-09 00:11:14,177 - Переведенная дата: 1 6 2024
2025-05-09 00:11:14,178 - Событие не в диапазоне: 2024-06-01 00:00:00
2025-05-09 00:11:14,180 - Исходная дата: 15 мая 2024
2025-05-09 00:11:14,181 - Переведенная дата: 15 5 2024
2025-05-09 00:11:14,182 - Событие не в диапазоне: 2024-05-15 00:00:00
2025-05-09 00:11:14,184 - Исходная дата: 14 мая 2024
2025-05-09 00:11:14,185 - Переведенная дата: 14 5 2024
2025-05-09 00:11:14,186 - Событие не в диапазоне: 2024-05-14 00:00:00
2025-05-09 00:11:14,187 - Исходная дата: 19 мая 2024
2025-05-09 00:11:14,188 - Переведенная дата: 19 5 2024
2025-05-09 00:11:14,190 - Событие не в диапазоне: 2024-05-19 00:00:00
2025-05-09 00:11:14,192 - Исходная дата: 13 мая 2024
2025-05-09 00:11:14,194 - Переведенная дата: 13 5 2024
2025-05-09 00:11:14,195 - Событие не в диапазоне: 2024-05-13 00:00:00
2025-05-09 00:11:14,197 - Исходная дата: 18 мая 2024
2025-05-09 00:11:14,198 - Переведенная дата: 18 5 2024
2025-05-09 00:11:14,199 - Событие не в диапазоне: 2024-05-18 00:00:00
2025-05-09 00:11:14,201 - Исходная дата: 11 мая 2024
2025-05-09 00:11:14,201 - Переведенная дата: 11 5 2024
2025-05-09 00:11:14,203 - Событие не в диапазоне: 2024-05-11 00:00:00
2025-05-09 00:11:14,204 - Исходная дата: 7 мая 2024
2025-05-09 00:11:14,205 - Переведенная дата: 7 5 2024
2025-05-09 00:11:14,207 - Событие не в диапазоне: 2024-05-07 00:00:00
2025-05-09 00:11:14,209 - Исходная дата: 28 апреля 2024
2025-05-09 00:11:14,210 - Переведенная дата: 28 4 2024
2025-05-09 00:11:14,211 - Событие не в диапазоне: 2024-04-28 00:00:00
2025-05-09 00:11:14,213 - Исходная дата: 25 апреля 2024
2025-05-09 00:11:14,213 - Переведенная дата: 25 4 2024
2025-05-09 00:11:14,214 - Событие не в диапазоне: 2024-04-25 00:00:00
2025-05-09 00:11:14,216 - Исходная дата: 20 апреля 2024
2025-05-09 00:11:14,217 - Переведенная дата: 20 4 2024
2025-05-09 00:11:14,218 - Событие не в диапазоне: 2024-04-20 00:00:00
2025-05-09 00:11:14,220 - Исходная дата: 13 апреля 2024
2025-05-09 00:11:14,221 - Переведенная дата: 13 4 2024
2025-05-09 00:11:14,222 - Событие не в диапазоне: 2024-04-13 00:00:00
2025-05-09 00:11:14,224 - Исходная дата: 13 апреля 2024
2025-05-09 00:11:14,225 - Переведенная дата: 13 4 2024
2025-05-09 00:11:14,226 - Событие не в диапазоне: 2024-04-13 00:00:00
2025-05-09 00:11:14,228 - Исходная дата: 11 апреля 2024
2025-05-09 00:11:14,229 - Переведенная дата: 11 4 2024
2025-05-09 00:11:14,230 - Событие не в диапазоне: 2024-04-11 00:00:00
2025-05-09 00:11:14,233 - Исходная дата: 10 апреля 2024
2025-05-09 00:11:14,234 - Переведенная дата: 10 4 2024
2025-05-09 00:11:14,235 - Событие не в диапазоне: 2024-04-10 00:00:00
2025-05-09 00:11:14,237 - Исходная дата: 6 апреля 2024
2025-05-09 00:11:14,238 - Переведенная дата: 6 4 2024
2025-05-09 00:11:14,239 - Событие не в диапазоне: 2024-04-06 00:00:00
2025-05-09 00:11:14,242 - Исходная дата: 6 апреля 2024
2025-05-09 00:11:14,243 - Переведенная дата: 6 4 2024
2025-05-09 00:11:14,244 - Событие не в диапазоне: 2024-04-06 00:00:00
2025-05-09 00:11:14,246 - Исходная дата: 24 апреля 2024
2025-05-09 00:11:14,247 - Переведенная дата: 24 4 2024
2025-05-09 00:11:14,248 - Событие не в диапазоне: 2024-04-24 00:00:00
2025-05-09 00:11:14,250 - Исходная дата: 17 апреля 2024
2025-05-09 00:11:14,251 - Переведенная дата: 17 4 2024
2025-05-09 00:11:14,252 - Событие не в диапазоне: 2024-04-17 00:00:00
2025-05-09 00:11:14,254 - Исходная дата: 3 апреля 2024
2025-05-09 00:11:14,255 - Переведенная дата: 3 4 2024
2025-05-09 00:11:14,256 - Событие не в диапазоне: 2024-04-03 00:00:00
2025-05-09 00:11:14,258 - Исходная дата: 28 марта 2024
2025-05-09 00:11:14,259 - Переведенная дата: 28 3 2024
2025-05-09 00:11:14,260 - Событие не в диапазоне: 2024-03-28 00:00:00
2025-05-09 00:11:14,262 - Исходная дата: 30 марта 2024
2025-05-09 00:11:14,263 - Переведенная дата: 30 3 2024
2025-05-09 00:11:14,264 - Событие не в диапазоне: 2024-03-30 00:00:00
2025-05-09 00:11:14,266 - Исходная дата: 27 марта 2024
2025-05-09 00:11:14,267 - Переведенная дата: 27 3 2024
2025-05-09 00:11:14,269 - Событие не в диапазоне: 2024-03-27 00:00:00
2025-05-09 00:11:14,272 - Исходная дата: 26 марта 2024
2025-05-09 00:11:14,273 - Переведенная дата: 26 3 2024
2025-05-09 00:11:14,274 - Событие не в диапазоне: 2024-03-26 00:00:00
2025-05-09 00:11:14,277 - Исходная дата: 23 марта 2024
2025-05-09 00:11:14,277 - Переведенная дата: 23 3 2024
2025-05-09 00:11:14,278 - Событие не в диапазоне: 2024-03-23 00:00:00
2025-05-09 00:11:14,280 - Исходная дата: 22 марта 2024
2025-05-09 00:11:14,281 - Переведенная дата: 22 3 2024
2025-05-09 00:11:14,283 - Событие не в диапазоне: 2024-03-22 00:00:00
2025-05-09 00:11:14,284 - Исходная дата: 20 марта 2024
2025-05-09 00:11:14,285 - Переведенная дата: 20 3 2024
2025-05-09 00:11:14,286 - Событие не в диапазоне: 2024-03-20 00:00:00
2025-05-09 00:11:14,288 - Исходная дата: 16 марта 2024
2025-05-09 00:11:14,288 - Переведенная дата: 16 3 2024
2025-05-09 00:11:14,290 - Событие не в диапазоне: 2024-03-16 00:00:00
2025-05-09 00:11:14,292 - Исходная дата: 16 марта 2024
2025-05-09 00:11:14,293 - Переведенная дата: 16 3 2024
2025-05-09 00:11:14,294 - Событие не в диапазоне: 2024-03-16 00:00:00
2025-05-09 00:11:14,296 - Исходная дата: 13 марта 2024
2025-05-09 00:11:14,296 - Переведенная дата: 13 3 2024
2025-05-09 00:11:14,297 - Событие не в диапазоне: 2024-03-13 00:00:00
2025-05-09 00:11:14,299 - Исходная дата: 2 марта 2024
2025-05-09 00:11:14,299 - Переведенная дата: 2 3 2024
2025-05-09 00:11:14,300 - Событие не в диапазоне: 2024-03-02 00:00:00
2025-05-09 00:11:14,301 - Исходная дата: 2 марта 2024
2025-05-09 00:11:14,302 - Переведенная дата: 2 3 2024
2025-05-09 00:11:14,303 - Событие не в диапазоне: 2024-03-02 00:00:00
2025-05-09 00:11:14,304 - Исходная дата: 28 февраля 2024
2025-05-09 00:11:14,305 - Переведенная дата: 28 2 2024
2025-05-09 00:11:14,305 - Событие не в диапазоне: 2024-02-28 00:00:00
2025-05-09 00:11:14,307 - Исходная дата: 9 марта 2024
2025-05-09 00:11:14,308 - Переведенная дата: 9 3 2024
2025-05-09 00:11:14,309 - Событие не в диапазоне: 2024-03-09 00:00:00
2025-05-09 00:11:14,311 - Исходная дата: 24 февраля 2024
2025-05-09 00:11:14,312 - Переведенная дата: 24 2 2024
2025-05-09 00:11:14,312 - Событие не в диапазоне: 2024-02-24 00:00:00
2025-05-09 00:11:14,313 - Исходная дата: 17 февраля 2024
2025-05-09 00:11:14,314 - Переведенная дата: 17 2 2024
2025-05-09 00:11:14,315 - Событие не в диапазоне: 2024-02-17 00:00:00
2025-05-09 00:11:14,316 - Исходная дата: 14 февраля 2024
2025-05-09 00:11:14,317 - Переведенная дата: 14 2 2024
2025-05-09 00:11:14,318 - Событие не в диапазоне: 2024-02-14 00:00:00
2025-05-09 00:11:14,319 - Исходная дата: 17 февраля 2024
2025-05-09 00:11:14,319 - Переведенная дата: 17 2 2024
2025-05-09 00:11:14,319 - Событие не в диапазоне: 2024-02-17 00:00:00
2025-05-09 00:11:14,320 - Исходная дата: 10 февраля 2024
2025-05-09 00:11:14,321 - Переведенная дата: 10 2 2024
2025-05-09 00:11:14,321 - Событие не в диапазоне: 2024-02-10 00:00:00
2025-05-09 00:11:14,323 - Исходная дата: 21 февраля 2024
2025-05-09 00:11:14,324 - Переведенная дата: 21 2 2024
2025-05-09 00:11:14,325 - Событие не в диапазоне: 2024-02-21 00:00:00
2025-05-09 00:11:14,326 - Исходная дата: 7 февраля 2024
2025-05-09 00:11:14,327 - Переведенная дата: 7 2 2024
2025-05-09 00:11:14,328 - Событие не в диапазоне: 2024-02-07 00:00:00
2025-05-09 00:11:14,330 - Исходная дата: 3 февраля 2024
2025-05-09 00:11:14,330 - Переведенная дата: 3 2 2024
2025-05-09 00:11:14,331 - Событие не в диапазоне: 2024-02-03 00:00:00
2025-05-09 00:11:14,332 - Исходная дата: 27 января 2024
2025-05-09 00:11:14,333 - Переведенная дата: 27 1 2024
2025-05-09 00:11:14,333 - Событие не в диапазоне: 2024-01-27 00:00:00
2025-05-09 00:11:14,335 - Исходная дата: 31 января 2024
2025-05-09 00:11:14,337 - Переведенная дата: 31 1 2024
2025-05-09 00:11:14,339 - Событие не в диапазоне: 2024-01-31 00:00:00
2025-05-09 00:11:14,341 - Исходная дата: 24 января 2024
2025-05-09 00:11:14,342 - Переведенная дата: 24 1 2024
2025-05-09 00:11:14,343 - Событие не в диапазоне: 2024-01-24 00:00:00
2025-05-09 00:11:14,345 - Исходная дата: 17 января 2024
2025-05-09 00:11:14,347 - Переведенная дата: 17 1 2024
2025-05-09 00:11:14,348 - Событие не в диапазоне: 2024-01-17 00:00:00
2025-05-09 00:11:14,350 - Исходная дата: 20 января 2024
2025-05-09 00:11:14,351 - Переведенная дата: 20 1 2024
2025-05-09 00:11:14,352 - Событие не в диапазоне: 2024-01-20 00:00:00
2025-05-09 00:11:14,355 - Исходная дата: 5 февраля 2024
2025-05-09 00:11:14,358 - Переведенная дата: 5 2 2024
2025-05-09 00:11:14,360 - Событие не в диапазоне: 2024-02-05 00:00:00
2025-05-09 00:11:14,363 - Исходная дата: 2 февраля 2024
2025-05-09 00:11:14,365 - Переведенная дата: 2 2 2024
2025-05-09 00:11:14,367 - Событие не в диапазоне: 2024-02-02 00:00:00
2025-05-09 00:11:14,369 - Исходная дата: 13 января 2024
2025-05-09 00:11:14,370 - Переведенная дата: 13 1 2024
2025-05-09 00:11:14,371 - Событие не в диапазоне: 2024-01-13 00:00:00
2025-05-09 00:11:14,373 - Исходная дата: 13 января 2024
2025-05-09 00:11:14,374 - Переведенная дата: 13 1 2024
2025-05-09 00:11:14,375 - Событие не в диапазоне: 2024-01-13 00:00:00
2025-05-09 00:11:14,377 - Исходная дата: 10 января 2024
2025-05-09 00:11:14,378 - Переведенная дата: 10 1 2024
2025-05-09 00:11:14,379 - Событие не в диапазоне: 2024-01-10 00:00:00
2025-05-09 00:11:14,380 - Исходная дата: 28 декабря 2023
2025-05-09 00:11:14,381 - Переведенная дата: 28 12 2023
2025-05-09 00:11:14,382 - Событие не в диапазоне: 2023-12-28 00:00:00
2025-05-09 00:11:14,384 - Исходная дата: 27 декабря 2023
2025-05-09 00:11:14,385 - Переведенная дата: 27 12 2023
2025-05-09 00:11:14,386 - Событие не в диапазоне: 2023-12-27 00:00:00
2025-05-09 00:11:14,387 - Исходная дата: 23 декабря 2023
2025-05-09 00:11:14,387 - Переведенная дата: 23 12 2023
2025-05-09 00:11:14,388 - Событие не в диапазоне: 2023-12-23 00:00:00
2025-05-09 00:11:14,390 - Исходная дата: 23 декабря 2023
2025-05-09 00:11:14,392 - Переведенная дата: 23 12 2023
2025-05-09 00:11:14,393 - Событие не в диапазоне: 2023-12-23 00:00:00
2025-05-09 00:11:14,395 - Исходная дата: 10 декабря 2023
2025-05-09 00:11:14,396 - Переведенная дата: 10 12 2023
2025-05-09 00:11:14,397 - Событие не в диапазоне: 2023-12-10 00:00:00
2025-05-09 00:11:14,399 - Исходная дата: 1 декабря 2023
2025-05-09 00:11:14,400 - Переведенная дата: 1 12 2023
2025-05-09 00:11:14,401 - Событие не в диапазоне: 2023-12-01 00:00:00
2025-05-09 00:11:14,402 - Исходная дата: 20 декабря 2023
2025-05-09 00:11:14,403 - Переведенная дата: 20 12 2023
2025-05-09 00:11:14,403 - Событие не в диапазоне: 2023-12-20 00:00:00
2025-05-09 00:11:14,404 - Исходная дата: 6 декабря 2023
2025-05-09 00:11:14,405 - Переведенная дата: 6 12 2023
2025-05-09 00:11:14,406 - Событие не в диапазоне: 2023-12-06 00:00:00
2025-05-09 00:11:14,408 - Исходная дата: 29 ноября 2023
2025-05-09 00:11:14,409 - Переведенная дата: 29 11 2023
2025-05-09 00:11:14,410 - Событие не в диапазоне: 2023-11-29 00:00:00
2025-05-09 00:11:14,412 - Исходная дата: 25 ноября 2023
2025-05-09 00:11:14,413 - Переведенная дата: 25 11 2023
2025-05-09 00:11:14,414 - Событие не в диапазоне: 2023-11-25 00:00:00
2025-05-09 00:11:14,415 - Исходная дата: 22 ноября 2023
2025-05-09 00:11:14,416 - Переведенная дата: 22 11 2023
2025-05-09 00:11:14,417 - Событие не в диапазоне: 2023-11-22 00:00:00
2025-05-09 00:11:14,419 - Исходная дата: 15 ноября 2023
2025-05-09 00:11:14,419 - Переведенная дата: 15 11 2023
2025-05-09 00:11:14,420 - Событие не в диапазоне: 2023-11-15 00:00:00
2025-05-09 00:11:14,421 - Исходная дата: 18 ноября 2023
2025-05-09 00:11:14,422 - Переведенная дата: 18 11 2023
2025-05-09 00:11:14,423 - Событие не в диапазоне: 2023-11-18 00:00:00
2025-05-09 00:11:14,425 - Исходная дата: 11 ноября 2023
2025-05-09 00:11:14,425 - Переведенная дата: 11 11 2023
2025-05-09 00:11:14,427 - Событие не в диапазоне: 2023-11-11 00:00:00
2025-05-09 00:11:14,429 - Исходная дата: 10 ноября 2023
2025-05-09 00:11:14,430 - Переведенная дата: 10 11 2023
2025-05-09 00:11:14,431 - Событие не в диапазоне: 2023-11-10 00:00:00
2025-05-09 00:11:14,432 - Исходная дата: 11 ноября 2023
2025-05-09 00:11:14,432 - Переведенная дата: 11 11 2023
2025-05-09 00:11:14,433 - Событие не в диапазоне: 2023-11-11 00:00:00
2025-05-09 00:11:14,435 - Исходная дата: 31 октября 2023
2025-05-09 00:11:14,436 - Переведенная дата: 31 10 2023
2025-05-09 00:11:14,436 - Событие не в диапазоне: 2023-10-31 00:00:00
2025-05-09 00:11:14,437 - Исходная дата: 30 октября 2023
2025-05-09 00:11:14,438 - Переведенная дата: 30 10 2023
2025-05-09 00:11:14,438 - Событие не в диапазоне: 2023-10-30 00:00:00
2025-05-09 00:11:14,440 - Исходная дата: 28 октября 2023
2025-05-09 00:11:14,441 - Переведенная дата: 28 10 2023
2025-05-09 00:11:14,442 - Событие не в диапазоне: 2023-10-28 00:00:00
2025-05-09 00:11:14,444 - Исходная дата: 24 октября 2023
2025-05-09 00:11:14,445 - Переведенная дата: 24 10 2023
2025-05-09 00:11:14,446 - Событие не в диапазоне: 2023-10-24 00:00:00
2025-05-09 00:11:14,447 - Исходная дата: 8 ноября 2023
2025-05-09 00:11:14,448 - Переведенная дата: 8 11 2023
2025-05-09 00:11:14,448 - Событие не в диапазоне: 2023-11-08 00:00:00
2025-05-09 00:11:14,450 - Исходная дата: 1 ноября 2023
2025-05-09 00:11:14,451 - Переведенная дата: 1 11 2023
2025-05-09 00:11:14,452 - Событие не в диапазоне: 2023-11-01 00:00:00
2025-05-09 00:11:14,453 - Исходная дата: 25 октября 2023
2025-05-09 00:11:14,454 - Переведенная дата: 25 10 2023
2025-05-09 00:11:14,454 - Событие не в диапазоне: 2023-10-25 00:00:00
2025-05-09 00:11:14,456 - Исходная дата: 17 октября 2023
2025-05-09 00:11:14,457 - Переведенная дата: 17 10 2023
2025-05-09 00:11:14,458 - Событие не в диапазоне: 2023-10-17 00:00:00
2025-05-09 00:11:14,460 - Исходная дата: 21 октября 2023
2025-05-09 00:11:14,461 - Переведенная дата: 21 10 2023
2025-05-09 00:11:14,462 - Событие не в диапазоне: 2023-10-21 00:00:00
2025-05-09 00:11:14,463 - Исходная дата: 18 октября 2023
2025-05-09 00:11:14,464 - Переведенная дата: 18 10 2023
2025-05-09 00:11:14,465 - Событие не в диапазоне: 2023-10-18 00:00:00
2025-05-09 00:11:14,466 - Исходная дата: 14 октября 2023
2025-05-09 00:11:14,467 - Переведенная дата: 14 10 2023
2025-05-09 00:11:14,467 - Событие не в диапазоне: 2023-10-14 00:00:00
2025-05-09 00:11:14,469 - Исходная дата: 14 октября 2023
2025-05-09 00:11:14,469 - Переведенная дата: 14 10 2023
2025-05-09 00:11:14,470 - Событие не в диапазоне: 2023-10-14 00:00:00
2025-05-09 00:11:14,472 - Исходная дата: 7 октября 2023
2025-05-09 00:11:14,472 - Переведенная дата: 7 10 2023
2025-05-09 00:11:14,473 - Событие не в диапазоне: 2023-10-07 00:00:00
2025-05-09 00:11:14,476 - Исходная дата: 1 октября 2023
2025-05-09 00:11:14,477 - Переведенная дата: 1 10 2023
2025-05-09 00:11:14,478 - Событие не в диапазоне: 2023-10-01 00:00:00
2025-05-09 00:11:14,480 - Исходная дата: 30 сентября 2023
2025-05-09 00:11:14,480 - Переведенная дата: 30 9 2023
2025-05-09 00:11:14,481 - Событие не в диапазоне: 2023-09-30 00:00:00
2025-05-09 00:11:14,482 - Исходная дата: 15 сентября 2023
2025-05-09 00:11:14,483 - Переведенная дата: 15 9 2023
2025-05-09 00:11:14,483 - Событие не в диапазоне: 2023-09-15 00:00:00
2025-05-09 00:11:14,484 - Исходная дата: 9 сентября 2023
2025-05-09 00:11:14,485 - Переведенная дата: 9 9 2023
2025-05-09 00:11:14,485 - Событие не в диапазоне: 2023-09-09 00:00:00
2025-05-09 00:11:14,486 - Исходная дата: 7 – 8 сентября 2023
2025-05-09 00:11:14,487 - Переведенная дата: None
2025-05-09 00:11:14,488 - Исходная дата: 4 октября 2023
2025-05-09 00:11:14,489 - Переведенная дата: 4 10 2023
2025-05-09 00:11:14,490 - Событие не в диапазоне: 2023-10-04 00:00:00
2025-05-09 00:11:14,493 - Исходная дата: 27 сентября 2023
2025-05-09 00:11:14,494 - Переведенная дата: 27 9 2023
2025-05-09 00:11:14,495 - Событие не в диапазоне: 2023-09-27 00:00:00
2025-05-09 00:11:14,497 - Исходная дата: 20 сентября 2023
2025-05-09 00:11:14,497 - Переведенная дата: 20 9 2023
2025-05-09 00:11:14,498 - Событие не в диапазоне: 2023-09-20 00:00:00
2025-05-09 00:11:14,499 - Исходная дата: 13 сентября 2023
2025-05-09 00:11:14,499 - Переведенная дата: 13 9 2023
2025-05-09 00:11:14,500 - Событие не в диапазоне: 2023-09-13 00:00:00
2025-05-09 00:11:14,501 - Исходная дата: 6 сентября 2023
2025-05-09 00:11:14,501 - Переведенная дата: 6 9 2023
2025-05-09 00:11:14,502 - Событие не в диапазоне: 2023-09-06 00:00:00
2025-05-09 00:11:14,503 - Исходная дата: 3 сентября 2023
2025-05-09 00:11:14,504 - Переведенная дата: 3 9 2023
2025-05-09 00:11:14,504 - Событие не в диапазоне: 2023-09-03 00:00:00
2025-05-09 00:11:14,506 - Исходная дата: 10 сентября 2023
2025-05-09 00:11:14,508 - Переведенная дата: 10 9 2023
2025-05-09 00:11:14,510 - Событие не в диапазоне: 2023-09-10 00:00:00
2025-05-09 00:11:14,511 - Исходная дата: 31 августа 2023
2025-05-09 00:11:14,512 - Переведенная дата: 31 8 2023
2025-05-09 00:11:14,513 - Событие не в диапазоне: 2023-08-31 00:00:00
2025-05-09 00:11:14,515 - Исходная дата: 30 августа 2023
2025-05-09 00:11:14,516 - Переведенная дата: 30 8 2023
2025-05-09 00:11:14,516 - Событие не в диапазоне: 2023-08-30 00:00:00
2025-05-09 00:11:14,517 - Исходная дата: 27 июня 2023
2025-05-09 00:11:14,518 - Переведенная дата: 27 6 2023
2025-05-09 00:11:14,519 - Событие не в диапазоне: 2023-06-27 00:00:00
2025-05-09 00:11:14,520 - Исходная дата: 24 июня 2023
2025-05-09 00:11:14,521 - Переведенная дата: 24 6 2023
2025-05-09 00:11:14,522 - Событие не в диапазоне: 2023-06-24 00:00:00
2025-05-09 00:11:14,524 - Исходная дата: 23 июня 2023
2025-05-09 00:11:14,525 - Переведенная дата: 23 6 2023
2025-05-09 00:11:14,526 - Событие не в диапазоне: 2023-06-23 00:00:00
2025-05-09 00:11:14,528 - Исходная дата: 23 июня 2023
2025-05-09 00:11:14,529 - Переведенная дата: 23 6 2023
2025-05-09 00:11:14,530 - Событие не в диапазоне: 2023-06-23 00:00:00
2025-05-09 00:11:14,532 - Исходная дата: 18 июня 2023
2025-05-09 00:11:14,533 - Переведенная дата: 18 6 2023
2025-05-09 00:11:14,534 - Событие не в диапазоне: 2023-06-18 00:00:00
2025-05-09 00:11:14,535 - Исходная дата: 14 июня 2023
2025-05-09 00:11:14,536 - Переведенная дата: 14 6 2023
2025-05-09 00:11:14,537 - Событие не в диапазоне: 2023-06-14 00:00:00
2025-05-09 00:11:14,538 - Исходная дата: 7 июня 2023
2025-05-09 00:11:14,539 - Переведенная дата: 7 6 2023
2025-05-09 00:11:14,540 - Событие не в диапазоне: 2023-06-07 00:00:00
2025-05-09 00:11:14,542 - Исходная дата: 7 июня 2023
2025-05-09 00:11:14,543 - Переведенная дата: 7 6 2023
2025-05-09 00:11:14,544 - Событие не в диапазоне: 2023-06-07 00:00:00
2025-05-09 00:11:14,545 - Исходная дата: 8 июня 2023
2025-05-09 00:11:14,546 - Переведенная дата: 8 6 2023
2025-05-09 00:11:14,546 - Событие не в диапазоне: 2023-06-08 00:00:00
2025-05-09 00:11:14,548 - Исходная дата: 2 июня 2023
2025-05-09 00:11:14,549 - Переведенная дата: 2 6 2023
2025-05-09 00:11:14,549 - Событие не в диапазоне: 2023-06-02 00:00:00
2025-05-09 00:11:14,551 - Исходная дата: 27 мая 2023
2025-05-09 00:11:14,551 - Переведенная дата: 27 5 2023
2025-05-09 00:11:14,552 - Событие не в диапазоне: 2023-05-27 00:00:00
2025-05-09 00:11:14,554 - Исходная дата: 3 июня 2023
2025-05-09 00:11:14,555 - Переведенная дата: 3 6 2023
2025-05-09 00:11:14,555 - Событие не в диапазоне: 2023-06-03 00:00:00
2025-05-09 00:11:14,557 - Исходная дата: 26 мая 2023
2025-05-09 00:11:14,558 - Переведенная дата: 26 5 2023
2025-05-09 00:11:14,559 - Событие не в диапазоне: 2023-05-26 00:00:00
2025-05-09 00:11:14,560 - Исходная дата: 16 мая 2023
2025-05-09 00:11:14,561 - Переведенная дата: 16 5 2023
2025-05-09 00:11:14,562 - Событие не в диапазоне: 2023-05-16 00:00:00
2025-05-09 00:11:14,563 - Исходная дата: 16 мая 2023
2025-05-09 00:11:14,564 - Переведенная дата: 16 5 2023
2025-05-09 00:11:14,565 - Событие не в диапазоне: 2023-05-16 00:00:00
2025-05-09 00:11:14,566 - Исходная дата: 19 – 20 мая 2023
2025-05-09 00:11:14,566 - Переведенная дата: None
2025-05-09 00:11:14,568 - Исходная дата: 20 мая 2023
2025-05-09 00:11:14,568 - Переведенная дата: 20 5 2023
2025-05-09 00:11:14,569 - Событие не в диапазоне: 2023-05-20 00:00:00
2025-05-09 00:11:14,570 - Исходная дата: 17 мая 2023
2025-05-09 00:11:14,571 - Переведенная дата: 17 5 2023
2025-05-09 00:11:14,571 - Событие не в диапазоне: 2023-05-17 00:00:00
2025-05-09 00:11:14,573 - Исходная дата: 10 мая 2023
2025-05-09 00:11:14,573 - Переведенная дата: 10 5 2023
2025-05-09 00:11:14,574 - Событие не в диапазоне: 2023-05-10 00:00:00
2025-05-09 00:11:14,576 - Исходная дата: 13 мая 2023
2025-05-09 00:11:14,577 - Переведенная дата: 13 5 2023
2025-05-09 00:11:14,578 - Событие не в диапазоне: 2023-05-13 00:00:00
2025-05-09 00:11:14,580 - Исходная дата: 10 мая 2023
2025-05-09 00:11:14,580 - Переведенная дата: 10 5 2023
2025-05-09 00:11:14,581 - Событие не в диапазоне: 2023-05-10 00:00:00
2025-05-09 00:11:14,583 - Исходная дата: 29 апреля 2023
2025-05-09 00:11:14,584 - Переведенная дата: 29 4 2023
2025-05-09 00:11:14,584 - Событие не в диапазоне: 2023-04-29 00:00:00
2025-05-09 00:11:14,586 - Исходная дата: 9 мая 2023
2025-05-09 00:11:14,586 - Переведенная дата: 9 5 2023
2025-05-09 00:11:14,587 - Событие не в диапазоне: 2023-05-09 00:00:00
2025-05-09 00:11:14,589 - Исходная дата: 7 мая 2023
2025-05-09 00:11:14,589 - Переведенная дата: 7 5 2023
2025-05-09 00:11:14,590 - Событие не в диапазоне: 2023-05-07 00:00:00
2025-05-09 00:11:14,592 - Исходная дата: 22 апреля 2023
2025-05-09 00:11:14,593 - Переведенная дата: 22 4 2023
2025-05-09 00:11:14,594 - Событие не в диапазоне: 2023-04-22 00:00:00
2025-05-09 00:11:14,595 - Исходная дата: 25 мая 2023
2025-05-09 00:11:14,596 - Переведенная дата: 25 5 2023
2025-05-09 00:11:14,597 - Событие не в диапазоне: 2023-05-25 00:00:00
2025-05-09 00:11:14,598 - Исходная дата: 21 апреля 2023
2025-05-09 00:11:14,598 - Переведенная дата: 21 4 2023
2025-05-09 00:11:14,599 - Событие не в диапазоне: 2023-04-21 00:00:00
2025-05-09 00:11:14,600 - Исходная дата: 13 апреля 2023
2025-05-09 00:11:14,601 - Переведенная дата: 13 4 2023
2025-05-09 00:11:14,602 - Событие не в диапазоне: 2023-04-13 00:00:00
2025-05-09 00:11:14,603 - Исходная дата: 20 апреля 2023
2025-05-09 00:11:14,604 - Переведенная дата: 20 4 2023
2025-05-09 00:11:14,605 - Событие не в диапазоне: 2023-04-20 00:00:00
2025-05-09 00:11:14,606 - Исходная дата: 14 апреля 2023
2025-05-09 00:11:14,607 - Переведенная дата: 14 4 2023
2025-05-09 00:11:14,608 - Событие не в диапазоне: 2023-04-14 00:00:00
2025-05-09 00:11:14,610 - Исходная дата: 8 апреля 2023
2025-05-09 00:11:14,611 - Переведенная дата: 8 4 2023
2025-05-09 00:11:14,612 - Событие не в диапазоне: 2023-04-08 00:00:00
2025-05-09 00:11:14,614 - Исходная дата: 7 апреля 2023
2025-05-09 00:11:14,615 - Переведенная дата: 7 4 2023
2025-05-09 00:11:14,616 - Событие не в диапазоне: 2023-04-07 00:00:00
2025-05-09 00:11:14,617 - Исходная дата: 7 апреля 2023
2025-05-09 00:11:14,619 - Переведенная дата: 7 4 2023
2025-05-09 00:11:14,620 - Событие не в диапазоне: 2023-04-07 00:00:00
2025-05-09 00:11:14,621 - Исходная дата: 1 апреля 2023
2025-05-09 00:11:14,623 - Переведенная дата: 1 4 2023
2025-05-09 00:11:14,625 - Событие не в диапазоне: 2023-04-01 00:00:00
2025-05-09 00:11:14,627 - Исходная дата: 15 апреля 2023
2025-05-09 00:11:14,627 - Переведенная дата: 15 4 2023
2025-05-09 00:11:14,629 - Событие не в диапазоне: 2023-04-15 00:00:00
2025-05-09 00:11:14,630 - Исходная дата: 28 апреля 2023
2025-05-09 00:11:14,631 - Переведенная дата: 28 4 2023
2025-05-09 00:11:14,631 - Событие не в диапазоне: 2023-04-28 00:00:00
2025-05-09 00:11:14,632 - Исходная дата: 7 апреля 2023
2025-05-09 00:11:14,633 - Переведенная дата: 7 4 2023
2025-05-09 00:11:14,634 - Событие не в диапазоне: 2023-04-07 00:00:00
2025-05-09 00:11:14,635 - Исходная дата: 25 марта 2023
2025-05-09 00:11:14,635 - Переведенная дата: 25 3 2023
2025-05-09 00:11:14,636 - Событие не в диапазоне: 2023-03-25 00:00:00
2025-05-09 00:11:14,637 - Исходная дата: 31 марта 2023
2025-05-09 00:11:14,637 - Переведенная дата: 31 3 2023
2025-05-09 00:11:14,637 - Событие не в диапазоне: 2023-03-31 00:00:00
2025-05-09 00:11:14,639 - Исходная дата: 21 марта 2023
2025-05-09 00:11:14,642 - Переведенная дата: 21 3 2023
2025-05-09 00:11:14,643 - Событие не в диапазоне: 2023-03-21 00:00:00
2025-05-09 00:11:14,645 - Исходная дата: 10 марта 2023
2025-05-09 00:11:14,645 - Переведенная дата: 10 3 2023
2025-05-09 00:11:14,646 - Событие не в диапазоне: 2023-03-10 00:00:00
2025-05-09 00:11:14,647 - Исходная дата: 24 февраля 2023
2025-05-09 00:11:14,647 - Переведенная дата: 24 2 2023
2025-05-09 00:11:14,649 - Событие не в диапазоне: 2023-02-24 00:00:00
2025-05-09 00:11:14,650 - Исходная дата: 17 февраля 2023
2025-05-09 00:11:14,651 - Переведенная дата: 17 2 2023
2025-05-09 00:11:14,652 - Событие не в диапазоне: 2023-02-17 00:00:00
2025-05-09 00:11:14,652 - Исходная дата: 18 февраля 2023
2025-05-09 00:11:14,653 - Переведенная дата: 18 2 2023
2025-05-09 00:11:14,653 - Событие не в диапазоне: 2023-02-18 00:00:00
2025-05-09 00:11:14,655 - Исходная дата: 11 февраля 2023
2025-05-09 00:11:14,656 - Переведенная дата: 11 2 2023
2025-05-09 00:11:14,658 - Событие не в диапазоне: 2023-02-11 00:00:00
2025-05-09 00:11:14,660 - Исходная дата: 3 марта 2023
2025-05-09 00:11:14,662 - Переведенная дата: 3 3 2023
2025-05-09 00:11:14,662 - Событие не в диапазоне: 2023-03-03 00:00:00
